<?xml version="1.0" encoding="UTF-8"?>
<testsuite name="com.polarbookshop.catalogservice.CatalogServiceApplicationTests" tests="1" skipped="0" failures="0" errors="0" timestamp="2025-04-01T15:44:02.669Z" hostname="Blackbeauty" time="0.523">
  <properties/>
  <testcase name="whenPostRequestThenBookCreated()" classname="com.polarbookshop.catalogservice.CatalogServiceApplicationTests" time="0.523"/>
  <system-out><![CDATA[21:14:01.951 [Test worker] INFO org.springframework.test.context.support.AnnotationConfigContextLoaderUtils -- Could not detect default configuration classes for test class [com.polarbookshop.catalogservice.CatalogServiceApplicationTests]: CatalogServiceApplicationTests does not declare any static, non-private, non-final, nested classes annotated with @Configuration.
21:14:01.989 [Test worker] INFO org.springframework.boot.test.context.SpringBootTestContextBootstrapper -- Found @SpringBootConfiguration com.polarbookshop.catalogservice.CatalogServiceApplication for test class com.polarbookshop.catalogservice.CatalogServiceApplicationTests

  .   ____          _            __ _ _
 /\\ / ___'_ __ _ _(_)_ __  __ _ \ \ \ \
( ( )\___ | '_ | '_| | '_ \/ _` | \ \ \ \
 \\/  ___)| |_)| | | | | || (_| |  ) ) ) )
  '  |____| .__|_| |_|_| |_\__, | / / / /
 =========|_|==============|___/=/_/_/_/

 :: Spring Boot ::                (v3.4.4)

2025-04-01T21:14:02.128+05:30  INFO 13385 --- [catalog-service] [    Test worker] c.p.c.CatalogServiceApplicationTests     : Starting CatalogServiceApplicationTests using Java 17.0.12 with PID 13385 (started by rafeeq in /Users/rafeeq/projects/learning/java/catalog-service)
2025-04-01T21:14:02.128+05:30  INFO 13385 --- [catalog-service] [    Test worker] c.p.c.CatalogServiceApplicationTests     : No active profile set, falling back to 1 default profile: "default"
2025-04-01T21:14:02.409+05:30  INFO 13385 --- [catalog-service] [    Test worker] o.s.b.w.embedded.tomcat.TomcatWebServer  : Tomcat initialized with port 0 (http)
2025-04-01T21:14:02.414+05:30  INFO 13385 --- [catalog-service] [    Test worker] o.apache.catalina.core.StandardService   : Starting service [Tomcat]
2025-04-01T21:14:02.414+05:30  INFO 13385 --- [catalog-service] [    Test worker] o.apache.catalina.core.StandardEngine    : Starting Servlet engine: [Apache Tomcat/10.1.39]
2025-04-01T21:14:02.433+05:30  INFO 13385 --- [catalog-service] [    Test worker] o.a.c.c.C.[Tomcat].[localhost].[/]       : Initializing Spring embedded WebApplicationContext
2025-04-01T21:14:02.433+05:30  INFO 13385 --- [catalog-service] [    Test worker] w.s.c.ServletWebServerApplicationContext : Root WebApplicationContext: initialization completed in 299 ms
2025-04-01T21:14:02.639+05:30  INFO 13385 --- [catalog-service] [    Test worker] o.s.b.w.embedded.tomcat.TomcatWebServer  : Tomcat started on port 62540 (http) with context path '/'
2025-04-01T21:14:02.643+05:30  INFO 13385 --- [catalog-service] [    Test worker] c.p.c.CatalogServiceApplicationTests     : Started CatalogServiceApplicationTests in 0.612 seconds (process running for 0.97)
2025-04-01T21:14:03.024+05:30 ERROR 13385 --- [catalog-service] [    Test worker] i.n.r.d.DnsServerAddressStreamProviders  : Unable to load io.netty.resolver.dns.macos.MacOSDnsServerAddressStreamProvider, fallback to system defaults. This may result in incorrect DNS resolutions on MacOS. Check whether you have a dependency on 'io.netty:netty-resolver-dns-native-macos'. Use DEBUG level to see the full stack: java.lang.UnsatisfiedLinkError: failed to load the required native library
2025-04-01T21:14:03.114+05:30  INFO 13385 --- [catalog-service] [o-auto-1-exec-1] o.a.c.c.C.[Tomcat].[localhost].[/]       : Initializing Spring DispatcherServlet 'dispatcherServlet'
2025-04-01T21:14:03.114+05:30  INFO 13385 --- [catalog-service] [o-auto-1-exec-1] o.s.web.servlet.DispatcherServlet        : Initializing Servlet 'dispatcherServlet'
2025-04-01T21:14:03.115+05:30  INFO 13385 --- [catalog-service] [o-auto-1-exec-1] o.s.web.servlet.DispatcherServlet        : Completed initialization in 1 ms
]]></system-out>
  <system-err><![CDATA[]]></system-err>
</testsuite>
